

 LOG file opened at 04/13/15 15:41:59

Field Definitions for table T_EXT_BKTYPE
  Record format DELIMITED BY NEWLINE
  Data in file has same endianness as the platform
  Rows with all null fields are accepted

  Fields in Data Source: 

    NAME                            CHAR (30)
      Record position (1, 30)
      Trim whitespace from right
    CODE                            CHAR (4)
      Record position (31, 34)
      Trim whitespace from right


 LOG file opened at 04/13/15 16:07:55

Field Definitions for table T_EXT_BKTYPE
  Record format DELIMITED BY NEWLINE
  Data in file has same endianness as the platform
  Rows with all null fields are accepted

  Fields in Data Source: 

    NAME                            CHAR (30)
      Record position (1, 30)
      Trim whitespace from right
    CODE                            CHAR (4)
      Record position (31, 34)
      Trim whitespace from right


 LOG file opened at 04/13/15 16:18:35

Field Definitions for table T_EXT_BKTYPE
  Record format DELIMITED BY NEWLINE
  Data in file has same endianness as the platform
  Rows with all null fields are accepted

  Fields in Data Source: 

    NAME                            CHAR (30)
      Record position (1, 30)
      Trim whitespace from right
    CODE                            CHAR (4)
      Record position (31, 34)
      Trim whitespace from right


 LOG file opened at 04/13/15 20:20:25

Field Definitions for table T_EXT_BKTYPE
  Record format DELIMITED BY NEWLINE
  Data in file has same endianness as the platform
  Rows with all null fields are accepted

  Fields in Data Source: 

    NAME                            CHAR (30)
      Record position (1, 30)
      Trim whitespace from right
    CODE                            CHAR (4)
      Record position (31, 34)
      Trim whitespace from right
