

 LOG file opened at 04/08/15 12:23:55

KUP-05004:   Warning: Intra source concurrency disabled because parallel select was not requested.

Field Definitions for table T_EXT_DISC
  Record format DELIMITED BY NEWLINE
  Data in file has same endianness as the platform
  Rows with all null fields are accepted

  Fields in Data Source: 

    TITLE                           CHAR (30)
      Record position (1, 30)
      Trim whitespace from right
    DISCTYPE                        CHAR (20)
      Record position (31, 50)
      Trim whitespace from right
    AMOUNT                          CHAR (2)
      Record position (51, 52)
      Trim whitespace from right
    DESCRIPTION                     CHAR (50)
      Record position (53, 102)
      Trim whitespace from right

  Column Transformations


 LOG file opened at 04/08/15 16:12:24

KUP-05004:   Warning: Intra source concurrency disabled because parallel select was not requested.

Field Definitions for table T_EXT_DISC
  Record format DELIMITED BY NEWLINE
  Data in file has same endianness as the platform
  Rows with all null fields are accepted

  Fields in Data Source: 

    TITLE                           CHAR (30)
      Record position (1, 30)
      Trim whitespace from right
    DISCTYPE                        CHAR (20)
      Record position (31, 50)
      Trim whitespace from right
    AMOUNT                          CHAR (2)
      Record position (51, 52)
      Trim whitespace from right
    DESCRIPTION                     CHAR (50)
      Record position (53, 102)
      Trim whitespace from right
    CODE                            CHAR (4)
      Record position (103, 106)
      Trim whitespace from right

  Column Transformations


 LOG file opened at 04/08/15 16:12:25

KUP-05004:   Warning: Intra source concurrency disabled because parallel select was not requested.

Field Definitions for table T_EXT_DISC
  Record format DELIMITED BY NEWLINE
  Data in file has same endianness as the platform
  Rows with all null fields are accepted

  Fields in Data Source: 

    TITLE                           CHAR (30)
      Record position (1, 30)
      Trim whitespace from right
    DISCTYPE                        CHAR (20)
      Record position (31, 50)
      Trim whitespace from right
    AMOUNT                          CHAR (2)
      Record position (51, 52)
      Trim whitespace from right
    DESCRIPTION                     CHAR (50)
      Record position (53, 102)
      Trim whitespace from right
    CODE                            CHAR (4)
      Record position (103, 106)
      Trim whitespace from right

  Column Transformations


 LOG file opened at 04/08/15 16:29:43

KUP-05004:   Warning: Intra source concurrency disabled because parallel select was not requested.

Field Definitions for table T_EXT_DISC
  Record format DELIMITED BY NEWLINE
  Data in file has same endianness as the platform
  Rows with all null fields are accepted

  Fields in Data Source: 

    TITLE                           CHAR (30)
      Record position (1, 30)
      Trim whitespace from right
    DISCTYPE                        CHAR (20)
      Record position (31, 50)
      Trim whitespace from right
    AMOUNT                          CHAR (2)
      Record position (51, 52)
      Trim whitespace from right
    DESCRIPTION                     CHAR (50)
      Record position (53, 102)
      Trim whitespace from right
    CODE                            CHAR (4)
      Record position (103, 106)
      Trim whitespace from right


 LOG file opened at 04/08/15 16:36:22

KUP-05004:   Warning: Intra source concurrency disabled because parallel select was not requested.

Field Definitions for table T_EXT_DISC
  Record format DELIMITED BY NEWLINE
  Data in file has same endianness as the platform
  Rows with all null fields are accepted

  Fields in Data Source: 

    TITLE                           CHAR (30)
      Record position (1, 30)
      Trim whitespace from right
    DISCTYPE                        CHAR (20)
      Record position (31, 50)
      Trim whitespace from right
    AMOUNT                          CHAR (2)
      Record position (51, 52)
      Trim whitespace from right
    DESCRIPTION                     CHAR (50)
      Record position (53, 102)
      Trim whitespace from right
    CODE                            CHAR (4)
      Record position (103, 106)
      Trim whitespace from right


 LOG file opened at 04/08/15 16:37:36

KUP-05004:   Warning: Intra source concurrency disabled because parallel select was not requested.

Field Definitions for table T_EXT_DISC
  Record format DELIMITED BY NEWLINE
  Data in file has same endianness as the platform
  Rows with all null fields are accepted

  Fields in Data Source: 

    TITLE                           CHAR (30)
      Record position (1, 30)
      Trim whitespace from right
    DISCTYPE                        CHAR (20)
      Record position (31, 50)
      Trim whitespace from right
    AMOUNT                          CHAR (2)
      Record position (51, 52)
      Trim whitespace from right
    DESCRIPTION                     CHAR (50)
      Record position (53, 102)
      Trim whitespace from right
    CODE                            CHAR (4)
      Record position (103, 106)
      Trim whitespace from right


 LOG file opened at 04/08/15 16:38:48

KUP-05004:   Warning: Intra source concurrency disabled because parallel select was not requested.

Field Definitions for table T_EXT_DISC
  Record format DELIMITED BY NEWLINE
  Data in file has same endianness as the platform
  Rows with all null fields are accepted

  Fields in Data Source: 

    TITLE                           CHAR (30)
      Record position (1, 30)
      Trim whitespace from right
    DISCTYPE                        CHAR (20)
      Record position (31, 50)
      Trim whitespace from right
    AMOUNT                          CHAR (2)
      Record position (51, 52)
      Trim whitespace from right
    DESCRIPTION                     CHAR (50)
      Record position (53, 102)
      Trim whitespace from right
    CODE                            CHAR (4)
      Record position (103, 106)
      Trim whitespace from right


 LOG file opened at 04/08/15 16:49:07

KUP-05004:   Warning: Intra source concurrency disabled because parallel select was not requested.

Field Definitions for table T_EXT_DISC
  Record format DELIMITED BY NEWLINE
  Data in file has same endianness as the platform
  Rows with all null fields are accepted

  Fields in Data Source: 

    TITLE                           CHAR (30)
      Record position (1, 30)
      Trim whitespace from right
    DISCTYPE                        CHAR (20)
      Record position (31, 50)
      Trim whitespace from right
    AMOUNT                          CHAR (2)
      Record position (51, 52)
      Trim whitespace from right
    DESCRIPTION                     CHAR (50)
      Record position (53, 102)
      Trim whitespace from right
    CODE                            CHAR (4)
      Record position (103, 106)
      Trim whitespace from right


 LOG file opened at 04/08/15 16:50:02

KUP-05004:   Warning: Intra source concurrency disabled because parallel select was not requested.

Field Definitions for table T_EXT_DISC
  Record format DELIMITED BY NEWLINE
  Data in file has same endianness as the platform
  Rows with all null fields are accepted

  Fields in Data Source: 

    TITLE                           CHAR (30)
      Record position (1, 30)
      Trim whitespace from right
    DISCTYPE                        CHAR (20)
      Record position (31, 50)
      Trim whitespace from right
    AMOUNT                          CHAR (2)
      Record position (51, 52)
      Trim whitespace from right
    DESCRIPTION                     CHAR (50)
      Record position (53, 102)
      Trim whitespace from right
    CODE                            CHAR (4)
      Record position (103, 106)
      Trim whitespace from right


 LOG file opened at 04/10/15 22:37:54

KUP-05004:   Warning: Intra source concurrency disabled because parallel select was not requested.

Field Definitions for table T_EXT_DISC
  Record format DELIMITED BY NEWLINE
  Data in file has same endianness as the platform
  Rows with all null fields are accepted

  Fields in Data Source: 

    TITLE                           CHAR (30)
      Record position (1, 30)
      Trim whitespace from right
    DISCTYPE                        CHAR (20)
      Record position (31, 50)
      Trim whitespace from right
    AMOUNT                          CHAR (2)
      Record position (51, 52)
      Trim whitespace from right
    DESCRIPTION                     CHAR (50)
      Record position (53, 102)
      Trim whitespace from right
    CODE                            CHAR (4)
      Record position (103, 106)
      Trim whitespace from right


 LOG file opened at 04/11/15 00:10:33

KUP-05004:   Warning: Intra source concurrency disabled because parallel select was not requested.

Field Definitions for table T_EXT_DISC
  Record format DELIMITED BY NEWLINE
  Data in file has same endianness as the platform
  Rows with all null fields are accepted

  Fields in Data Source: 

    TITLE                           CHAR (30)
      Record position (1, 30)
      Trim whitespace from right
    DISCTYPE                        CHAR (20)
      Record position (31, 50)
      Trim whitespace from right
    AMOUNT                          CHAR (2)
      Record position (51, 52)
      Trim whitespace from right
    DESCRIPTION                     CHAR (50)
      Record position (53, 102)
      Trim whitespace from right
    CODE                            CHAR (4)
      Record position (103, 106)
      Trim whitespace from right


 LOG file opened at 04/11/15 00:15:32

KUP-05004:   Warning: Intra source concurrency disabled because parallel select was not requested.

Field Definitions for table T_EXT_DISC
  Record format DELIMITED BY NEWLINE
  Data in file has same endianness as the platform
  Rows with all null fields are accepted

  Fields in Data Source: 

    TITLE                           CHAR (30)
      Record position (1, 30)
      Trim whitespace from right
    DISCTYPE                        CHAR (20)
      Record position (31, 50)
      Trim whitespace from right
    AMOUNT                          CHAR (2)
      Record position (51, 52)
      Trim whitespace from right
    DESCRIPTION                     CHAR (50)
      Record position (53, 102)
      Trim whitespace from right
    CODE                            CHAR (4)
      Record position (103, 106)
      Trim whitespace from right


 LOG file opened at 04/11/15 00:43:38

KUP-05004:   Warning: Intra source concurrency disabled because parallel select was not requested.

Field Definitions for table T_EXT_DISC
  Record format DELIMITED BY NEWLINE
  Data in file has same endianness as the platform
  Rows with all null fields are accepted

  Fields in Data Source: 

    TITLE                           CHAR (30)
      Record position (1, 30)
      Trim whitespace from right
    DISCTYPE                        CHAR (20)
      Record position (31, 50)
      Trim whitespace from right
    AMOUNT                          CHAR (2)
      Record position (51, 52)
      Trim whitespace from right
    DESCRIPTION                     CHAR (50)
      Record position (53, 102)
      Trim whitespace from right
    CODE                            CHAR (4)
      Record position (103, 106)
      Trim whitespace from right


 LOG file opened at 04/11/15 00:46:00

KUP-05004:   Warning: Intra source concurrency disabled because parallel select was not requested.

Field Definitions for table T_EXT_DISC
  Record format DELIMITED BY NEWLINE
  Data in file has same endianness as the platform
  Rows with all null fields are accepted

  Fields in Data Source: 

    TITLE                           CHAR (30)
      Record position (1, 30)
      Trim whitespace from right
    DISCTYPE                        CHAR (20)
      Record position (31, 50)
      Trim whitespace from right
    AMOUNT                          CHAR (2)
      Record position (51, 52)
      Trim whitespace from right
    DESCRIPTION                     CHAR (50)
      Record position (53, 102)
      Trim whitespace from right
    CODE                            CHAR (4)
      Record position (103, 106)
      Trim whitespace from right


 LOG file opened at 04/11/15 01:29:57

KUP-05004:   Warning: Intra source concurrency disabled because parallel select was not requested.

Field Definitions for table T_EXT_DISC
  Record format DELIMITED BY NEWLINE
  Data in file has same endianness as the platform
  Rows with all null fields are accepted

  Fields in Data Source: 

    TITLE                           CHAR (30)
      Record position (1, 30)
      Trim whitespace from right
    DISCTYPE                        CHAR (20)
      Record position (31, 50)
      Trim whitespace from right
    AMOUNT                          CHAR (2)
      Record position (51, 52)
      Trim whitespace from right
    DESCRIPTION                     CHAR (50)
      Record position (53, 102)
      Trim whitespace from right
    CODE                            CHAR (4)
      Record position (103, 106)
      Trim whitespace from right


 LOG file opened at 04/11/15 01:31:20

KUP-05004:   Warning: Intra source concurrency disabled because parallel select was not requested.

Field Definitions for table T_EXT_DISC
  Record format DELIMITED BY NEWLINE
  Data in file has same endianness as the platform
  Rows with all null fields are accepted

  Fields in Data Source: 

    TITLE                           CHAR (30)
      Record position (1, 30)
      Trim whitespace from right
    DISCTYPE                        CHAR (20)
      Record position (31, 50)
      Trim whitespace from right
    AMOUNT                          CHAR (2)
      Record position (51, 52)
      Trim whitespace from right
    DESCRIPTION                     CHAR (50)
      Record position (53, 102)
      Trim whitespace from right
    CODE                            CHAR (4)
      Record position (103, 106)
      Trim whitespace from right


 LOG file opened at 04/11/15 01:38:35

KUP-05004:   Warning: Intra source concurrency disabled because parallel select was not requested.

Field Definitions for table T_EXT_DISC
  Record format DELIMITED BY NEWLINE
  Data in file has same endianness as the platform
  Rows with all null fields are accepted

  Fields in Data Source: 

    TITLE                           CHAR (30)
      Record position (1, 30)
      Trim whitespace from right
    DISCTYPE                        CHAR (20)
      Record position (31, 50)
      Trim whitespace from right
    AMOUNT                          CHAR (2)
      Record position (51, 52)
      Trim whitespace from right
    DESCRIPTION                     CHAR (50)
      Record position (53, 102)
      Trim whitespace from right
    CODE                            CHAR (4)
      Record position (103, 106)
      Trim whitespace from right


 LOG file opened at 04/11/15 15:37:29

KUP-05004:   Warning: Intra source concurrency disabled because parallel select was not requested.

Field Definitions for table T_EXT_DISC
  Record format DELIMITED BY NEWLINE
  Data in file has same endianness as the platform
  Rows with all null fields are accepted

  Fields in Data Source: 

    TITLE                           CHAR (30)
      Record position (1, 30)
      Trim whitespace from right
    DISCTYPE                        CHAR (20)
      Record position (31, 50)
      Trim whitespace from right
    AMOUNT                          CHAR (2)
      Record position (51, 52)
      Trim whitespace from right
    DESCRIPTION                     CHAR (50)
      Record position (53, 102)
      Trim whitespace from right
    CODE                            CHAR (4)
      Record position (103, 106)
      Trim whitespace from right


 LOG file opened at 04/11/15 15:37:58

KUP-05004:   Warning: Intra source concurrency disabled because parallel select was not requested.

Field Definitions for table T_EXT_DISC
  Record format DELIMITED BY NEWLINE
  Data in file has same endianness as the platform
  Rows with all null fields are accepted

  Fields in Data Source: 

    TITLE                           CHAR (30)
      Record position (1, 30)
      Trim whitespace from right
    DISCTYPE                        CHAR (20)
      Record position (31, 50)
      Trim whitespace from right
    AMOUNT                          CHAR (2)
      Record position (51, 52)
      Trim whitespace from right
    DESCRIPTION                     CHAR (50)
      Record position (53, 102)
      Trim whitespace from right
    CODE                            CHAR (4)
      Record position (103, 106)
      Trim whitespace from right
