

 LOG file opened at 04/08/15 12:23:58

KUP-05004:   Warning: Intra source concurrency disabled because parallel select was not requested.

Field Definitions for table T_EXT_EMP
  Record format DELIMITED BY NEWLINE
  Data in file has same endianness as the platform
  Rows with all null fields are accepted

  Fields in Data Source: 

    NAME                            CHAR (20)
      Record position (1, 20)
      Trim whitespace from right
    DOB                             CHAR (8)
      Date datatype DATE, date mask DDMMYYYY
      Record position (21, 28)
      Trim whitespace from right
    ADDRESS                         CHAR (50)
      Record position (29, 78)
      Trim whitespace from right
    PHONE                           CHAR (10)
      Record position (79, 88)
      Trim whitespace from right
    EMAIL                           CHAR (30)
      Record position (89, 118)
      Trim whitespace from right
    SALARY                          CHAR (7)
      Record position (119, 125)
      Trim whitespace from right
    WORKING_HOURS                   CHAR (2)
      Record position (126, 127)
      Trim whitespace from right
    USERNAME                        CHAR (10)
      Record position (128, 137)
      Trim whitespace from right
    EPASSWORD                       CHAR (10)
      Record position (138, 147)
      Trim whitespace from right
    ROLE                            CHAR (10)
      Record position (148, 157)
      Trim whitespace from right

  Column Transformations

Date Cache Statistics for table T_EXT_EMP
  Max Size:      1000
  Entries :         1
  Hits    :         0
  Misses  :         0



 LOG file opened at 04/08/15 14:48:02

KUP-05004:   Warning: Intra source concurrency disabled because parallel select was not requested.

Field Definitions for table T_EXT_EMP
  Record format DELIMITED BY NEWLINE
  Data in file has same endianness as the platform
  Rows with all null fields are accepted

  Fields in Data Source: 

    NAME                            CHAR (20)
      Record position (1, 20)
      Trim whitespace from right
    DOB                             CHAR (8)
      Date datatype DATE, date mask DDMMYYYY
      Record position (21, 28)
      Trim whitespace from right
    ADDRESS                         CHAR (50)
      Record position (29, 78)
      Trim whitespace from right
    PHONE                           CHAR (10)
      Record position (79, 88)
      Trim whitespace from right
    EMAIL                           CHAR (30)
      Record position (89, 118)
      Trim whitespace from right
    SALARY                          CHAR (7)
      Record position (119, 125)
      Trim whitespace from right
    WORKING_HOURS                   CHAR (2)
      Record position (126, 127)
      Trim whitespace from right
    USERNAME                        CHAR (10)
      Record position (128, 137)
      Trim whitespace from right
    EPASSWORD                       CHAR (10)
      Record position (138, 147)
      Trim whitespace from right
    ROLE                            CHAR (10)
      Record position (148, 157)
      Trim whitespace from right

Date Cache Statistics for table T_EXT_EMP
  Max Size:      1000
  Entries :         1
  Hits    :         0
  Misses  :         0



 LOG file opened at 04/08/15 14:56:43

KUP-05004:   Warning: Intra source concurrency disabled because parallel select was not requested.

Field Definitions for table T_EXT_EMP
  Record format DELIMITED BY NEWLINE
  Data in file has same endianness as the platform
  Rows with all null fields are accepted

  Fields in Data Source: 

    NAME                            CHAR (20)
      Record position (1, 20)
      Trim whitespace from right
    DOB                             CHAR (8)
      Date datatype DATE, date mask DDMMYYYY
      Record position (21, 28)
      Trim whitespace from right
    ADDRESS                         CHAR (50)
      Record position (29, 78)
      Trim whitespace from right
    PHONE                           CHAR (10)
      Record position (79, 88)
      Trim whitespace from right
    EMAIL                           CHAR (30)
      Record position (89, 118)
      Trim whitespace from right
    SALARY                          CHAR (7)
      Record position (119, 125)
      Trim whitespace from right
    WORKING_HOURS                   CHAR (2)
      Record position (126, 127)
      Trim whitespace from right
    USERNAME                        CHAR (10)
      Record position (128, 137)
      Trim whitespace from right
    EPASSWORD                       CHAR (10)
      Record position (138, 147)
      Trim whitespace from right
    ROLE                            CHAR (10)
      Record position (148, 157)
      Trim whitespace from right

Date Cache Statistics for table T_EXT_EMP
  Max Size:      1000
  Entries :         1
  Hits    :         0
  Misses  :         0



 LOG file opened at 04/08/15 15:02:03

KUP-05004:   Warning: Intra source concurrency disabled because parallel select was not requested.

Field Definitions for table T_EXT_EMP
  Record format DELIMITED BY NEWLINE
  Data in file has same endianness as the platform
  Rows with all null fields are accepted

  Fields in Data Source: 

    NAME                            CHAR (20)
      Record position (1, 20)
      Trim whitespace from right
    DOB                             CHAR (8)
      Date datatype DATE, date mask DDMMYYYY
      Record position (21, 28)
      Trim whitespace from right
    ADDRESS                         CHAR (50)
      Record position (29, 78)
      Trim whitespace from right
    PHONE                           CHAR (10)
      Record position (79, 88)
      Trim whitespace from right
    EMAIL                           CHAR (30)
      Record position (89, 118)
      Trim whitespace from right
    SALARY                          CHAR (7)
      Record position (119, 125)
      Trim whitespace from right
    WORKING_HOURS                   CHAR (2)
      Record position (126, 127)
      Trim whitespace from right
    USERNAME                        CHAR (10)
      Record position (128, 137)
      Trim whitespace from right
    EPASSWORD                       CHAR (10)
      Record position (138, 147)
      Trim whitespace from right
    ROLE                            CHAR (10)
      Record position (148, 157)
      Trim whitespace from right

Date Cache Statistics for table T_EXT_EMP
  Max Size:      1000
  Entries :         1
  Hits    :         0
  Misses  :         0



 LOG file opened at 04/08/15 15:05:21

KUP-05004:   Warning: Intra source concurrency disabled because parallel select was not requested.

Field Definitions for table T_EXT_EMP
  Record format DELIMITED BY NEWLINE
  Data in file has same endianness as the platform
  Rows with all null fields are accepted

  Fields in Data Source: 

    NAME                            CHAR (20)
      Record position (1, 20)
      Trim whitespace from right
    DOB                             CHAR (8)
      Date datatype DATE, date mask DDMMYYYY
      Record position (21, 28)
      Trim whitespace from right
    ADDRESS                         CHAR (50)
      Record position (29, 78)
      Trim whitespace from right
    PHONE                           CHAR (10)
      Record position (79, 88)
      Trim whitespace from right
    EMAIL                           CHAR (30)
      Record position (89, 118)
      Trim whitespace from right
    SALARY                          CHAR (7)
      Record position (119, 125)
      Trim whitespace from right
    WORKING_HOURS                   CHAR (2)
      Record position (126, 127)
      Trim whitespace from right
    USERNAME                        CHAR (10)
      Record position (128, 137)
      Trim whitespace from right
    EPASSWORD                       CHAR (10)
      Record position (138, 147)
      Trim whitespace from right
    ROLE                            CHAR (10)
      Record position (148, 157)
      Trim whitespace from right

Date Cache Statistics for table T_EXT_EMP
  Max Size:      1000
  Entries :         1
  Hits    :         0
  Misses  :         0



 LOG file opened at 04/08/15 15:08:03

KUP-05004:   Warning: Intra source concurrency disabled because parallel select was not requested.

Field Definitions for table T_EXT_EMP
  Record format DELIMITED BY NEWLINE
  Data in file has same endianness as the platform
  Rows with all null fields are accepted

  Fields in Data Source: 

    NAME                            CHAR (20)
      Record position (1, 20)
      Trim whitespace from right
    DOB                             CHAR (8)
      Date datatype DATE, date mask DDMMYYYY
      Record position (21, 28)
      Trim whitespace from right
    ADDRESS                         CHAR (50)
      Record position (29, 78)
      Trim whitespace from right
    PHONE                           CHAR (10)
      Record position (79, 88)
      Trim whitespace from right
    EMAIL                           CHAR (30)
      Record position (89, 118)
      Trim whitespace from right
    SALARY                          CHAR (7)
      Record position (119, 125)
      Trim whitespace from right
    WORKING_HOURS                   CHAR (2)
      Record position (126, 127)
      Trim whitespace from right
    USERNAME                        CHAR (10)
      Record position (128, 137)
      Trim whitespace from right
    EPASSWORD                       CHAR (10)
      Record position (138, 147)
      Trim whitespace from right
    ROLE                            CHAR (10)
      Record position (148, 157)
      Trim whitespace from right

Date Cache Statistics for table T_EXT_EMP
  Max Size:      1000
  Entries :         1
  Hits    :         0
  Misses  :         0



 LOG file opened at 04/08/15 16:06:46

KUP-05004:   Warning: Intra source concurrency disabled because parallel select was not requested.

Field Definitions for table T_EXT_EMP
  Record format DELIMITED BY NEWLINE
  Data in file has same endianness as the platform
  Rows with all null fields are accepted

  Fields in Data Source: 

    NAME                            CHAR (20)
      Record position (1, 20)
      Trim whitespace from right
    DOB                             CHAR (8)
      Date datatype DATE, date mask DDMMYYYY
      Record position (21, 28)
      Trim whitespace from right
    ADDRESS                         CHAR (50)
      Record position (29, 78)
      Trim whitespace from right
    PHONE                           CHAR (10)
      Record position (79, 88)
      Trim whitespace from right
    EMAIL                           CHAR (30)
      Record position (89, 118)
      Trim whitespace from right
    SALARY                          CHAR (7)
      Record position (119, 125)
      Trim whitespace from right
    WORKING_HOURS                   CHAR (2)
      Record position (126, 127)
      Trim whitespace from right
    USERNAME                        CHAR (10)
      Record position (128, 137)
      Trim whitespace from right
    EPASSWORD                       CHAR (10)
      Record position (138, 147)
      Trim whitespace from right
    ROLE                            CHAR (10)
      Record position (148, 157)
      Trim whitespace from right
    CODE                            CHAR (4)
      Record position (158, 161)
      Trim whitespace from right

  Column Transformations

Date Cache Statistics for table T_EXT_EMP
  Max Size:      1000
  Entries :         1
  Hits    :         0
  Misses  :         0



 LOG file opened at 04/08/15 16:06:47

KUP-05004:   Warning: Intra source concurrency disabled because parallel select was not requested.

Field Definitions for table T_EXT_EMP
  Record format DELIMITED BY NEWLINE
  Data in file has same endianness as the platform
  Rows with all null fields are accepted

  Fields in Data Source: 

    NAME                            CHAR (20)
      Record position (1, 20)
      Trim whitespace from right
    DOB                             CHAR (8)
      Date datatype DATE, date mask DDMMYYYY
      Record position (21, 28)
      Trim whitespace from right
    ADDRESS                         CHAR (50)
      Record position (29, 78)
      Trim whitespace from right
    PHONE                           CHAR (10)
      Record position (79, 88)
      Trim whitespace from right
    EMAIL                           CHAR (30)
      Record position (89, 118)
      Trim whitespace from right
    SALARY                          CHAR (7)
      Record position (119, 125)
      Trim whitespace from right
    WORKING_HOURS                   CHAR (2)
      Record position (126, 127)
      Trim whitespace from right
    USERNAME                        CHAR (10)
      Record position (128, 137)
      Trim whitespace from right
    EPASSWORD                       CHAR (10)
      Record position (138, 147)
      Trim whitespace from right
    ROLE                            CHAR (10)
      Record position (148, 157)
      Trim whitespace from right
    CODE                            CHAR (4)
      Record position (158, 161)
      Trim whitespace from right

  Column Transformations

Date Cache Statistics for table T_EXT_EMP
  Max Size:      1000
  Entries :         1
  Hits    :         0
  Misses  :         0



 LOG file opened at 04/08/15 16:07:27

KUP-05004:   Warning: Intra source concurrency disabled because parallel select was not requested.

Field Definitions for table T_EXT_EMP
  Record format DELIMITED BY NEWLINE
  Data in file has same endianness as the platform
  Rows with all null fields are accepted

  Fields in Data Source: 

    NAME                            CHAR (20)
      Record position (1, 20)
      Trim whitespace from right
    DOB                             CHAR (8)
      Date datatype DATE, date mask DDMMYYYY
      Record position (21, 28)
      Trim whitespace from right
    ADDRESS                         CHAR (50)
      Record position (29, 78)
      Trim whitespace from right
    PHONE                           CHAR (10)
      Record position (79, 88)
      Trim whitespace from right
    EMAIL                           CHAR (30)
      Record position (89, 118)
      Trim whitespace from right
    SALARY                          CHAR (7)
      Record position (119, 125)
      Trim whitespace from right
    WORKING_HOURS                   CHAR (2)
      Record position (126, 127)
      Trim whitespace from right
    USERNAME                        CHAR (10)
      Record position (128, 137)
      Trim whitespace from right
    EPASSWORD                       CHAR (10)
      Record position (138, 147)
      Trim whitespace from right
    ROLE                            CHAR (10)
      Record position (148, 157)
      Trim whitespace from right
    CODE                            CHAR (4)
      Record position (158, 161)
      Trim whitespace from right

  Column Transformations

Date Cache Statistics for table T_EXT_EMP
  Max Size:      1000
  Entries :         1
  Hits    :         0
  Misses  :         0



 LOG file opened at 04/08/15 16:07:29

KUP-05004:   Warning: Intra source concurrency disabled because parallel select was not requested.

Field Definitions for table T_EXT_EMP
  Record format DELIMITED BY NEWLINE
  Data in file has same endianness as the platform
  Rows with all null fields are accepted

  Fields in Data Source: 

    NAME                            CHAR (20)
      Record position (1, 20)
      Trim whitespace from right
    DOB                             CHAR (8)
      Date datatype DATE, date mask DDMMYYYY
      Record position (21, 28)
      Trim whitespace from right
    ADDRESS                         CHAR (50)
      Record position (29, 78)
      Trim whitespace from right
    PHONE                           CHAR (10)
      Record position (79, 88)
      Trim whitespace from right
    EMAIL                           CHAR (30)
      Record position (89, 118)
      Trim whitespace from right
    SALARY                          CHAR (7)
      Record position (119, 125)
      Trim whitespace from right
    WORKING_HOURS                   CHAR (2)
      Record position (126, 127)
      Trim whitespace from right
    USERNAME                        CHAR (10)
      Record position (128, 137)
      Trim whitespace from right
    EPASSWORD                       CHAR (10)
      Record position (138, 147)
      Trim whitespace from right
    ROLE                            CHAR (10)
      Record position (148, 157)
      Trim whitespace from right
    CODE                            CHAR (4)
      Record position (158, 161)
      Trim whitespace from right

  Column Transformations

Date Cache Statistics for table T_EXT_EMP
  Max Size:      1000
  Entries :         1
  Hits    :         0
  Misses  :         0



 LOG file opened at 04/08/15 16:07:47

KUP-05004:   Warning: Intra source concurrency disabled because parallel select was not requested.

Field Definitions for table T_EXT_EMP
  Record format DELIMITED BY NEWLINE
  Data in file has same endianness as the platform
  Rows with all null fields are accepted

  Fields in Data Source: 

    NAME                            CHAR (20)
      Record position (1, 20)
      Trim whitespace from right
    DOB                             CHAR (8)
      Date datatype DATE, date mask DDMMYYYY
      Record position (21, 28)
      Trim whitespace from right
    ADDRESS                         CHAR (50)
      Record position (29, 78)
      Trim whitespace from right
    PHONE                           CHAR (10)
      Record position (79, 88)
      Trim whitespace from right
    EMAIL                           CHAR (30)
      Record position (89, 118)
      Trim whitespace from right
    SALARY                          CHAR (7)
      Record position (119, 125)
      Trim whitespace from right
    WORKING_HOURS                   CHAR (2)
      Record position (126, 127)
      Trim whitespace from right
    USERNAME                        CHAR (10)
      Record position (128, 137)
      Trim whitespace from right
    EPASSWORD                       CHAR (10)
      Record position (138, 147)
      Trim whitespace from right
    ROLE                            CHAR (10)
      Record position (148, 157)
      Trim whitespace from right
    CODE                            CHAR (4)
      Record position (158, 161)
      Trim whitespace from right

  Column Transformations

Date Cache Statistics for table T_EXT_EMP
  Max Size:      1000
  Entries :         1
  Hits    :         0
  Misses  :         0



 LOG file opened at 04/08/15 16:22:07

KUP-05004:   Warning: Intra source concurrency disabled because parallel select was not requested.

Field Definitions for table T_EXT_EMP
  Record format DELIMITED BY NEWLINE
  Data in file has same endianness as the platform
  Rows with all null fields are accepted

  Fields in Data Source: 

    NAME                            CHAR (20)
      Record position (1, 20)
      Trim whitespace from right
    DOB                             CHAR (8)
      Date datatype DATE, date mask DDMMYYYY
      Record position (21, 28)
      Trim whitespace from right
    ADDRESS                         CHAR (50)
      Record position (29, 78)
      Trim whitespace from right
    PHONE                           CHAR (10)
      Record position (79, 88)
      Trim whitespace from right
    EMAIL                           CHAR (30)
      Record position (89, 118)
      Trim whitespace from right
    SALARY                          CHAR (7)
      Record position (119, 125)
      Trim whitespace from right
    WORKING_HOURS                   CHAR (2)
      Record position (126, 127)
      Trim whitespace from right
    USERNAME                        CHAR (10)
      Record position (128, 137)
      Trim whitespace from right
    EPASSWORD                       CHAR (10)
      Record position (138, 147)
      Trim whitespace from right
    ROLE                            CHAR (10)
      Record position (148, 157)
      Trim whitespace from right
    CODE                            CHAR (4)
      Record position (158, 161)
      Trim whitespace from right

Date Cache Statistics for table T_EXT_EMP
  Max Size:      1000
  Entries :         1
  Hits    :         0
  Misses  :         0



 LOG file opened at 04/08/15 16:36:17

KUP-05004:   Warning: Intra source concurrency disabled because parallel select was not requested.

Field Definitions for table T_EXT_EMP
  Record format DELIMITED BY NEWLINE
  Data in file has same endianness as the platform
  Rows with all null fields are accepted

  Fields in Data Source: 

    NAME                            CHAR (20)
      Record position (1, 20)
      Trim whitespace from right
    DOB                             CHAR (8)
      Date datatype DATE, date mask DDMMYYYY
      Record position (21, 28)
      Trim whitespace from right
    ADDRESS                         CHAR (50)
      Record position (29, 78)
      Trim whitespace from right
    PHONE                           CHAR (10)
      Record position (79, 88)
      Trim whitespace from right
    EMAIL                           CHAR (30)
      Record position (89, 118)
      Trim whitespace from right
    SALARY                          CHAR (7)
      Record position (119, 125)
      Trim whitespace from right
    WORKING_HOURS                   CHAR (2)
      Record position (126, 127)
      Trim whitespace from right
    USERNAME                        CHAR (10)
      Record position (128, 137)
      Trim whitespace from right
    EPASSWORD                       CHAR (10)
      Record position (138, 147)
      Trim whitespace from right
    ROLE                            CHAR (10)
      Record position (148, 157)
      Trim whitespace from right
    CODE                            CHAR (4)
      Record position (158, 161)
      Trim whitespace from right

Date Cache Statistics for table T_EXT_EMP
  Max Size:      1000
  Entries :         1
  Hits    :         0
  Misses  :         0



 LOG file opened at 04/08/15 16:37:36

KUP-05004:   Warning: Intra source concurrency disabled because parallel select was not requested.

Field Definitions for table T_EXT_EMP
  Record format DELIMITED BY NEWLINE
  Data in file has same endianness as the platform
  Rows with all null fields are accepted

  Fields in Data Source: 

    NAME                            CHAR (20)
      Record position (1, 20)
      Trim whitespace from right
    DOB                             CHAR (8)
      Date datatype DATE, date mask DDMMYYYY
      Record position (21, 28)
      Trim whitespace from right
    ADDRESS                         CHAR (50)
      Record position (29, 78)
      Trim whitespace from right
    PHONE                           CHAR (10)
      Record position (79, 88)
      Trim whitespace from right
    EMAIL                           CHAR (30)
      Record position (89, 118)
      Trim whitespace from right
    SALARY                          CHAR (7)
      Record position (119, 125)
      Trim whitespace from right
    WORKING_HOURS                   CHAR (2)
      Record position (126, 127)
      Trim whitespace from right
    USERNAME                        CHAR (10)
      Record position (128, 137)
      Trim whitespace from right
    EPASSWORD                       CHAR (10)
      Record position (138, 147)
      Trim whitespace from right
    ROLE                            CHAR (10)
      Record position (148, 157)
      Trim whitespace from right
    CODE                            CHAR (4)
      Record position (158, 161)
      Trim whitespace from right

Date Cache Statistics for table T_EXT_EMP
  Max Size:      1000
  Entries :         1
  Hits    :         0
  Misses  :         0



 LOG file opened at 04/08/15 16:38:47

KUP-05004:   Warning: Intra source concurrency disabled because parallel select was not requested.

Field Definitions for table T_EXT_EMP
  Record format DELIMITED BY NEWLINE
  Data in file has same endianness as the platform
  Rows with all null fields are accepted

  Fields in Data Source: 

    NAME                            CHAR (20)
      Record position (1, 20)
      Trim whitespace from right
    DOB                             CHAR (8)
      Date datatype DATE, date mask DDMMYYYY
      Record position (21, 28)
      Trim whitespace from right
    ADDRESS                         CHAR (50)
      Record position (29, 78)
      Trim whitespace from right
    PHONE                           CHAR (10)
      Record position (79, 88)
      Trim whitespace from right
    EMAIL                           CHAR (30)
      Record position (89, 118)
      Trim whitespace from right
    SALARY                          CHAR (7)
      Record position (119, 125)
      Trim whitespace from right
    WORKING_HOURS                   CHAR (2)
      Record position (126, 127)
      Trim whitespace from right
    USERNAME                        CHAR (10)
      Record position (128, 137)
      Trim whitespace from right
    EPASSWORD                       CHAR (10)
      Record position (138, 147)
      Trim whitespace from right
    ROLE                            CHAR (10)
      Record position (148, 157)
      Trim whitespace from right
    CODE                            CHAR (4)
      Record position (158, 161)
      Trim whitespace from right

Date Cache Statistics for table T_EXT_EMP
  Max Size:      1000
  Entries :         1
  Hits    :         0
  Misses  :         0



 LOG file opened at 04/08/15 16:49:07

KUP-05004:   Warning: Intra source concurrency disabled because parallel select was not requested.

Field Definitions for table T_EXT_EMP
  Record format DELIMITED BY NEWLINE
  Data in file has same endianness as the platform
  Rows with all null fields are accepted

  Fields in Data Source: 

    NAME                            CHAR (20)
      Record position (1, 20)
      Trim whitespace from right
    DOB                             CHAR (8)
      Date datatype DATE, date mask DDMMYYYY
      Record position (21, 28)
      Trim whitespace from right
    ADDRESS                         CHAR (50)
      Record position (29, 78)
      Trim whitespace from right
    PHONE                           CHAR (10)
      Record position (79, 88)
      Trim whitespace from right
    EMAIL                           CHAR (30)
      Record position (89, 118)
      Trim whitespace from right
    SALARY                          CHAR (7)
      Record position (119, 125)
      Trim whitespace from right
    WORKING_HOURS                   CHAR (2)
      Record position (126, 127)
      Trim whitespace from right
    USERNAME                        CHAR (10)
      Record position (128, 137)
      Trim whitespace from right
    EPASSWORD                       CHAR (10)
      Record position (138, 147)
      Trim whitespace from right
    ROLE                            CHAR (10)
      Record position (148, 157)
      Trim whitespace from right
    CODE                            CHAR (4)
      Record position (158, 161)
      Trim whitespace from right

Date Cache Statistics for table T_EXT_EMP
  Max Size:      1000
  Entries :         1
  Hits    :         0
  Misses  :         0



 LOG file opened at 04/08/15 16:50:02

KUP-05004:   Warning: Intra source concurrency disabled because parallel select was not requested.

Field Definitions for table T_EXT_EMP
  Record format DELIMITED BY NEWLINE
  Data in file has same endianness as the platform
  Rows with all null fields are accepted

  Fields in Data Source: 

    NAME                            CHAR (20)
      Record position (1, 20)
      Trim whitespace from right
    DOB                             CHAR (8)
      Date datatype DATE, date mask DDMMYYYY
      Record position (21, 28)
      Trim whitespace from right
    ADDRESS                         CHAR (50)
      Record position (29, 78)
      Trim whitespace from right
    PHONE                           CHAR (10)
      Record position (79, 88)
      Trim whitespace from right
    EMAIL                           CHAR (30)
      Record position (89, 118)
      Trim whitespace from right
    SALARY                          CHAR (7)
      Record position (119, 125)
      Trim whitespace from right
    WORKING_HOURS                   CHAR (2)
      Record position (126, 127)
      Trim whitespace from right
    USERNAME                        CHAR (10)
      Record position (128, 137)
      Trim whitespace from right
    EPASSWORD                       CHAR (10)
      Record position (138, 147)
      Trim whitespace from right
    ROLE                            CHAR (10)
      Record position (148, 157)
      Trim whitespace from right
    CODE                            CHAR (4)
      Record position (158, 161)
      Trim whitespace from right

Date Cache Statistics for table T_EXT_EMP
  Max Size:      1000
  Entries :         1
  Hits    :         0
  Misses  :         0



 LOG file opened at 04/10/15 22:37:53

KUP-05004:   Warning: Intra source concurrency disabled because parallel select was not requested.

Field Definitions for table T_EXT_EMP
  Record format DELIMITED BY NEWLINE
  Data in file has same endianness as the platform
  Rows with all null fields are accepted

  Fields in Data Source: 

    NAME                            CHAR (20)
      Record position (1, 20)
      Trim whitespace from right
    DOB                             CHAR (8)
      Date datatype DATE, date mask DDMMYYYY
      Record position (21, 28)
      Trim whitespace from right
    ADDRESS                         CHAR (50)
      Record position (29, 78)
      Trim whitespace from right
    PHONE                           CHAR (10)
      Record position (79, 88)
      Trim whitespace from right
    EMAIL                           CHAR (30)
      Record position (89, 118)
      Trim whitespace from right
    SALARY                          CHAR (7)
      Record position (119, 125)
      Trim whitespace from right
    WORKING_HOURS                   CHAR (2)
      Record position (126, 127)
      Trim whitespace from right
    USERNAME                        CHAR (10)
      Record position (128, 137)
      Trim whitespace from right
    EPASSWORD                       CHAR (10)
      Record position (138, 147)
      Trim whitespace from right
    ROLE                            CHAR (10)
      Record position (148, 157)
      Trim whitespace from right
    CODE                            CHAR (4)
      Record position (158, 161)
      Trim whitespace from right

Date Cache Statistics for table T_EXT_EMP
  Max Size:      1000
  Entries :         1
  Hits    :         0
  Misses  :         0



 LOG file opened at 04/10/15 22:37:54

KUP-05004:   Warning: Intra source concurrency disabled because parallel select was not requested.

Field Definitions for table T_EXT_EMP
  Record format DELIMITED BY NEWLINE
  Data in file has same endianness as the platform
  Rows with all null fields are accepted

  Fields in Data Source: 

    NAME                            CHAR (20)
      Record position (1, 20)
      Trim whitespace from right
    DOB                             CHAR (8)
      Date datatype DATE, date mask DDMMYYYY
      Record position (21, 28)
      Trim whitespace from right
    ADDRESS                         CHAR (50)
      Record position (29, 78)
      Trim whitespace from right
    PHONE                           CHAR (10)
      Record position (79, 88)
      Trim whitespace from right
    EMAIL                           CHAR (30)
      Record position (89, 118)
      Trim whitespace from right
    SALARY                          CHAR (7)
      Record position (119, 125)
      Trim whitespace from right
    WORKING_HOURS                   CHAR (2)
      Record position (126, 127)
      Trim whitespace from right
    USERNAME                        CHAR (10)
      Record position (128, 137)
      Trim whitespace from right
    EPASSWORD                       CHAR (10)
      Record position (138, 147)
      Trim whitespace from right
    ROLE                            CHAR (10)
      Record position (148, 157)
      Trim whitespace from right
    CODE                            CHAR (4)
      Record position (158, 161)
      Trim whitespace from right

Date Cache Statistics for table T_EXT_EMP
  Max Size:      1000
  Entries :         1
  Hits    :         0
  Misses  :         0



 LOG file opened at 04/11/15 00:10:32

KUP-05004:   Warning: Intra source concurrency disabled because parallel select was not requested.

Field Definitions for table T_EXT_EMP
  Record format DELIMITED BY NEWLINE
  Data in file has same endianness as the platform
  Rows with all null fields are accepted

  Fields in Data Source: 

    NAME                            CHAR (20)
      Record position (1, 20)
      Trim whitespace from right
    DOB                             CHAR (8)
      Date datatype DATE, date mask DDMMYYYY
      Record position (21, 28)
      Trim whitespace from right
    ADDRESS                         CHAR (50)
      Record position (29, 78)
      Trim whitespace from right
    PHONE                           CHAR (10)
      Record position (79, 88)
      Trim whitespace from right
    EMAIL                           CHAR (30)
      Record position (89, 118)
      Trim whitespace from right
    SALARY                          CHAR (7)
      Record position (119, 125)
      Trim whitespace from right
    WORKING_HOURS                   CHAR (2)
      Record position (126, 127)
      Trim whitespace from right
    USERNAME                        CHAR (10)
      Record position (128, 137)
      Trim whitespace from right
    EPASSWORD                       CHAR (10)
      Record position (138, 147)
      Trim whitespace from right
    ROLE                            CHAR (10)
      Record position (148, 157)
      Trim whitespace from right
    CODE                            CHAR (4)
      Record position (158, 161)
      Trim whitespace from right

Date Cache Statistics for table T_EXT_EMP
  Max Size:      1000
  Entries :         1
  Hits    :         0
  Misses  :         0



 LOG file opened at 04/11/15 00:15:32

KUP-05004:   Warning: Intra source concurrency disabled because parallel select was not requested.

Field Definitions for table T_EXT_EMP
  Record format DELIMITED BY NEWLINE
  Data in file has same endianness as the platform
  Rows with all null fields are accepted

  Fields in Data Source: 

    NAME                            CHAR (20)
      Record position (1, 20)
      Trim whitespace from right
    DOB                             CHAR (8)
      Date datatype DATE, date mask DDMMYYYY
      Record position (21, 28)
      Trim whitespace from right
    ADDRESS                         CHAR (50)
      Record position (29, 78)
      Trim whitespace from right
    PHONE                           CHAR (10)
      Record position (79, 88)
      Trim whitespace from right
    EMAIL                           CHAR (30)
      Record position (89, 118)
      Trim whitespace from right
    SALARY                          CHAR (7)
      Record position (119, 125)
      Trim whitespace from right
    WORKING_HOURS                   CHAR (2)
      Record position (126, 127)
      Trim whitespace from right
    USERNAME                        CHAR (10)
      Record position (128, 137)
      Trim whitespace from right
    EPASSWORD                       CHAR (10)
      Record position (138, 147)
      Trim whitespace from right
    ROLE                            CHAR (10)
      Record position (148, 157)
      Trim whitespace from right
    CODE                            CHAR (4)
      Record position (158, 161)
      Trim whitespace from right

Date Cache Statistics for table T_EXT_EMP
  Max Size:      1000
  Entries :         1
  Hits    :         0
  Misses  :         0



 LOG file opened at 04/11/15 00:41:55

KUP-05004:   Warning: Intra source concurrency disabled because parallel select was not requested.

Field Definitions for table T_EXT_EMP
  Record format DELIMITED BY NEWLINE
  Data in file has same endianness as the platform
  Rows with all null fields are accepted

  Fields in Data Source: 

    NAME                            CHAR (20)
      Record position (1, 20)
      Trim whitespace from right
    DOB                             CHAR (8)
      Date datatype DATE, date mask DDMMYYYY
      Record position (21, 28)
      Trim whitespace from right
    ADDRESS                         CHAR (50)
      Record position (29, 78)
      Trim whitespace from right
    PHONE                           CHAR (10)
      Record position (79, 88)
      Trim whitespace from right
    EMAIL                           CHAR (30)
      Record position (89, 118)
      Trim whitespace from right
    SALARY                          CHAR (7)
      Record position (119, 125)
      Trim whitespace from right
    WORKING_HOURS                   CHAR (2)
      Record position (126, 127)
      Trim whitespace from right
    USERNAME                        CHAR (10)
      Record position (128, 137)
      Trim whitespace from right
    EPASSWORD                       CHAR (10)
      Record position (138, 147)
      Trim whitespace from right
    ROLE                            CHAR (10)
      Record position (148, 157)
      Trim whitespace from right
    CODE                            CHAR (4)
      Record position (158, 161)
      Trim whitespace from right

Date Cache Statistics for table T_EXT_EMP
  Max Size:      1000
  Entries :         1
  Hits    :         0
  Misses  :         0



 LOG file opened at 04/11/15 00:43:38

KUP-05004:   Warning: Intra source concurrency disabled because parallel select was not requested.

Field Definitions for table T_EXT_EMP
  Record format DELIMITED BY NEWLINE
  Data in file has same endianness as the platform
  Rows with all null fields are accepted

  Fields in Data Source: 

    NAME                            CHAR (20)
      Record position (1, 20)
      Trim whitespace from right
    DOB                             CHAR (8)
      Date datatype DATE, date mask DDMMYYYY
      Record position (21, 28)
      Trim whitespace from right
    ADDRESS                         CHAR (50)
      Record position (29, 78)
      Trim whitespace from right
    PHONE                           CHAR (10)
      Record position (79, 88)
      Trim whitespace from right
    EMAIL                           CHAR (30)
      Record position (89, 118)
      Trim whitespace from right
    SALARY                          CHAR (7)
      Record position (119, 125)
      Trim whitespace from right
    WORKING_HOURS                   CHAR (2)
      Record position (126, 127)
      Trim whitespace from right
    USERNAME                        CHAR (10)
      Record position (128, 137)
      Trim whitespace from right
    EPASSWORD                       CHAR (10)
      Record position (138, 147)
      Trim whitespace from right
    ROLE                            CHAR (10)
      Record position (148, 157)
      Trim whitespace from right
    CODE                            CHAR (4)
      Record position (158, 161)
      Trim whitespace from right

Date Cache Statistics for table T_EXT_EMP
  Max Size:      1000
  Entries :         1
  Hits    :         0
  Misses  :         0



 LOG file opened at 04/11/15 00:46:00

KUP-05004:   Warning: Intra source concurrency disabled because parallel select was not requested.

Field Definitions for table T_EXT_EMP
  Record format DELIMITED BY NEWLINE
  Data in file has same endianness as the platform
  Rows with all null fields are accepted

  Fields in Data Source: 

    NAME                            CHAR (20)
      Record position (1, 20)
      Trim whitespace from right
    DOB                             CHAR (8)
      Date datatype DATE, date mask DDMMYYYY
      Record position (21, 28)
      Trim whitespace from right
    ADDRESS                         CHAR (50)
      Record position (29, 78)
      Trim whitespace from right
    PHONE                           CHAR (10)
      Record position (79, 88)
      Trim whitespace from right
    EMAIL                           CHAR (30)
      Record position (89, 118)
      Trim whitespace from right
    SALARY                          CHAR (7)
      Record position (119, 125)
      Trim whitespace from right
    WORKING_HOURS                   CHAR (2)
      Record position (126, 127)
      Trim whitespace from right
    USERNAME                        CHAR (10)
      Record position (128, 137)
      Trim whitespace from right
    EPASSWORD                       CHAR (10)
      Record position (138, 147)
      Trim whitespace from right
    ROLE                            CHAR (10)
      Record position (148, 157)
      Trim whitespace from right
    CODE                            CHAR (4)
      Record position (158, 161)
      Trim whitespace from right

Date Cache Statistics for table T_EXT_EMP
  Max Size:      1000
  Entries :         1
  Hits    :         0
  Misses  :         0



 LOG file opened at 04/11/15 00:46:20

KUP-05004:   Warning: Intra source concurrency disabled because parallel select was not requested.

Field Definitions for table T_EXT_EMP
  Record format DELIMITED BY NEWLINE
  Data in file has same endianness as the platform
  Rows with all null fields are accepted

  Fields in Data Source: 

    NAME                            CHAR (20)
      Record position (1, 20)
      Trim whitespace from right
    DOB                             CHAR (8)
      Date datatype DATE, date mask DDMMYYYY
      Record position (21, 28)
      Trim whitespace from right
    ADDRESS                         CHAR (50)
      Record position (29, 78)
      Trim whitespace from right
    PHONE                           CHAR (10)
      Record position (79, 88)
      Trim whitespace from right
    EMAIL                           CHAR (30)
      Record position (89, 118)
      Trim whitespace from right
    SALARY                          CHAR (7)
      Record position (119, 125)
      Trim whitespace from right
    WORKING_HOURS                   CHAR (2)
      Record position (126, 127)
      Trim whitespace from right
    USERNAME                        CHAR (10)
      Record position (128, 137)
      Trim whitespace from right
    EPASSWORD                       CHAR (10)
      Record position (138, 147)
      Trim whitespace from right
    ROLE                            CHAR (10)
      Record position (148, 157)
      Trim whitespace from right
    CODE                            CHAR (4)
      Record position (158, 161)
      Trim whitespace from right

Date Cache Statistics for table T_EXT_EMP
  Max Size:      1000
  Entries :         1
  Hits    :         0
  Misses  :         0



 LOG file opened at 04/11/15 00:47:48

KUP-05004:   Warning: Intra source concurrency disabled because parallel select was not requested.

Field Definitions for table T_EXT_EMP
  Record format DELIMITED BY NEWLINE
  Data in file has same endianness as the platform
  Rows with all null fields are accepted

  Fields in Data Source: 

    NAME                            CHAR (20)
      Record position (1, 20)
      Trim whitespace from right
    DOB                             CHAR (8)
      Date datatype DATE, date mask DDMMYYYY
      Record position (21, 28)
      Trim whitespace from right
    ADDRESS                         CHAR (50)
      Record position (29, 78)
      Trim whitespace from right
    PHONE                           CHAR (10)
      Record position (79, 88)
      Trim whitespace from right
    EMAIL                           CHAR (30)
      Record position (89, 118)
      Trim whitespace from right
    SALARY                          CHAR (7)
      Record position (119, 125)
      Trim whitespace from right
    WORKING_HOURS                   CHAR (2)
      Record position (126, 127)
      Trim whitespace from right
    USERNAME                        CHAR (10)
      Record position (128, 137)
      Trim whitespace from right
    EPASSWORD                       CHAR (10)
      Record position (138, 147)
      Trim whitespace from right
    ROLE                            CHAR (10)
      Record position (148, 157)
      Trim whitespace from right
    CODE                            CHAR (4)
      Record position (158, 161)
      Trim whitespace from right

Date Cache Statistics for table T_EXT_EMP
  Max Size:      1000
  Entries :         1
  Hits    :         0
  Misses  :         0



 LOG file opened at 04/11/15 01:29:57

KUP-05004:   Warning: Intra source concurrency disabled because parallel select was not requested.

Field Definitions for table T_EXT_EMP
  Record format DELIMITED BY NEWLINE
  Data in file has same endianness as the platform
  Rows with all null fields are accepted

  Fields in Data Source: 

    NAME                            CHAR (20)
      Record position (1, 20)
      Trim whitespace from right
    DOB                             CHAR (8)
      Date datatype DATE, date mask DDMMYYYY
      Record position (21, 28)
      Trim whitespace from right
    ADDRESS                         CHAR (50)
      Record position (29, 78)
      Trim whitespace from right
    PHONE                           CHAR (10)
      Record position (79, 88)
      Trim whitespace from right
    EMAIL                           CHAR (30)
      Record position (89, 118)
      Trim whitespace from right
    SALARY                          CHAR (7)
      Record position (119, 125)
      Trim whitespace from right
    WORKING_HOURS                   CHAR (2)
      Record position (126, 127)
      Trim whitespace from right
    USERNAME                        CHAR (10)
      Record position (128, 137)
      Trim whitespace from right
    EPASSWORD                       CHAR (10)
      Record position (138, 147)
      Trim whitespace from right
    ROLE                            CHAR (10)
      Record position (148, 157)
      Trim whitespace from right
    CODE                            CHAR (4)
      Record position (158, 161)
      Trim whitespace from right

Date Cache Statistics for table T_EXT_EMP
  Max Size:      1000
  Entries :         1
  Hits    :         0
  Misses  :         0



 LOG file opened at 04/11/15 01:31:20

KUP-05004:   Warning: Intra source concurrency disabled because parallel select was not requested.

Field Definitions for table T_EXT_EMP
  Record format DELIMITED BY NEWLINE
  Data in file has same endianness as the platform
  Rows with all null fields are accepted

  Fields in Data Source: 

    NAME                            CHAR (20)
      Record position (1, 20)
      Trim whitespace from right
    DOB                             CHAR (8)
      Date datatype DATE, date mask DDMMYYYY
      Record position (21, 28)
      Trim whitespace from right
    ADDRESS                         CHAR (50)
      Record position (29, 78)
      Trim whitespace from right
    PHONE                           CHAR (10)
      Record position (79, 88)
      Trim whitespace from right
    EMAIL                           CHAR (30)
      Record position (89, 118)
      Trim whitespace from right
    SALARY                          CHAR (7)
      Record position (119, 125)
      Trim whitespace from right
    WORKING_HOURS                   CHAR (2)
      Record position (126, 127)
      Trim whitespace from right
    USERNAME                        CHAR (10)
      Record position (128, 137)
      Trim whitespace from right
    EPASSWORD                       CHAR (10)
      Record position (138, 147)
      Trim whitespace from right
    ROLE                            CHAR (10)
      Record position (148, 157)
      Trim whitespace from right
    CODE                            CHAR (4)
      Record position (158, 161)
      Trim whitespace from right

Date Cache Statistics for table T_EXT_EMP
  Max Size:      1000
  Entries :         1
  Hits    :         0
  Misses  :         0



 LOG file opened at 04/11/15 01:38:35

KUP-05004:   Warning: Intra source concurrency disabled because parallel select was not requested.

Field Definitions for table T_EXT_EMP
  Record format DELIMITED BY NEWLINE
  Data in file has same endianness as the platform
  Rows with all null fields are accepted

  Fields in Data Source: 

    NAME                            CHAR (20)
      Record position (1, 20)
      Trim whitespace from right
    DOB                             CHAR (8)
      Date datatype DATE, date mask DDMMYYYY
      Record position (21, 28)
      Trim whitespace from right
    ADDRESS                         CHAR (50)
      Record position (29, 78)
      Trim whitespace from right
    PHONE                           CHAR (10)
      Record position (79, 88)
      Trim whitespace from right
    EMAIL                           CHAR (30)
      Record position (89, 118)
      Trim whitespace from right
    SALARY                          CHAR (7)
      Record position (119, 125)
      Trim whitespace from right
    WORKING_HOURS                   CHAR (2)
      Record position (126, 127)
      Trim whitespace from right
    USERNAME                        CHAR (10)
      Record position (128, 137)
      Trim whitespace from right
    EPASSWORD                       CHAR (10)
      Record position (138, 147)
      Trim whitespace from right
    ROLE                            CHAR (10)
      Record position (148, 157)
      Trim whitespace from right
    CODE                            CHAR (4)
      Record position (158, 161)
      Trim whitespace from right

Date Cache Statistics for table T_EXT_EMP
  Max Size:      1000
  Entries :         1
  Hits    :         0
  Misses  :         0



 LOG file opened at 04/11/15 14:51:34

KUP-05004:   Warning: Intra source concurrency disabled because parallel select was not requested.

Field Definitions for table T_EXT_EMP
  Record format DELIMITED BY NEWLINE
  Data in file has same endianness as the platform
  Rows with all null fields are accepted

  Fields in Data Source: 

    NAME                            CHAR (20)
      Record position (1, 20)
      Trim whitespace from right
    DOB                             CHAR (8)
      Date datatype DATE, date mask DDMMYYYY
      Record position (21, 28)
      Trim whitespace from right
    ADDRESS                         CHAR (50)
      Record position (29, 78)
      Trim whitespace from right
    PHONE                           CHAR (10)
      Record position (79, 88)
      Trim whitespace from right
    EMAIL                           CHAR (30)
      Record position (89, 118)
      Trim whitespace from right
    SALARY                          CHAR (7)
      Record position (119, 125)
      Trim whitespace from right
    WORKING_HOURS                   CHAR (2)
      Record position (126, 127)
      Trim whitespace from right
    USERNAME                        CHAR (10)
      Record position (128, 137)
      Trim whitespace from right
    EPASSWORD                       CHAR (10)
      Record position (138, 147)
      Trim whitespace from right
    ROLE                            CHAR (10)
      Record position (148, 157)
      Trim whitespace from right
    CODE                            CHAR (4)
      Record position (158, 161)
      Trim whitespace from right

Date Cache Statistics for table T_EXT_EMP
  Max Size:      1000
  Entries :         1
  Hits    :         0
  Misses  :         0



 LOG file opened at 04/11/15 14:51:36

KUP-05004:   Warning: Intra source concurrency disabled because parallel select was not requested.

Field Definitions for table T_EXT_EMP
  Record format DELIMITED BY NEWLINE
  Data in file has same endianness as the platform
  Rows with all null fields are accepted

  Fields in Data Source: 

    NAME                            CHAR (20)
      Record position (1, 20)
      Trim whitespace from right
    DOB                             CHAR (8)
      Date datatype DATE, date mask DDMMYYYY
      Record position (21, 28)
      Trim whitespace from right
    ADDRESS                         CHAR (50)
      Record position (29, 78)
      Trim whitespace from right
    PHONE                           CHAR (10)
      Record position (79, 88)
      Trim whitespace from right
    EMAIL                           CHAR (30)
      Record position (89, 118)
      Trim whitespace from right
    SALARY                          CHAR (7)
      Record position (119, 125)
      Trim whitespace from right
    WORKING_HOURS                   CHAR (2)
      Record position (126, 127)
      Trim whitespace from right
    USERNAME                        CHAR (10)
      Record position (128, 137)
      Trim whitespace from right
    EPASSWORD                       CHAR (10)
      Record position (138, 147)
      Trim whitespace from right
    ROLE                            CHAR (10)
      Record position (148, 157)
      Trim whitespace from right
    CODE                            CHAR (4)
      Record position (158, 161)
      Trim whitespace from right

Date Cache Statistics for table T_EXT_EMP
  Max Size:      1000
  Entries :         1
  Hits    :         0
  Misses  :         0



 LOG file opened at 04/11/15 14:51:37

KUP-05004:   Warning: Intra source concurrency disabled because parallel select was not requested.

Field Definitions for table T_EXT_EMP
  Record format DELIMITED BY NEWLINE
  Data in file has same endianness as the platform
  Rows with all null fields are accepted

  Fields in Data Source: 

    NAME                            CHAR (20)
      Record position (1, 20)
      Trim whitespace from right
    DOB                             CHAR (8)
      Date datatype DATE, date mask DDMMYYYY
      Record position (21, 28)
      Trim whitespace from right
    ADDRESS                         CHAR (50)
      Record position (29, 78)
      Trim whitespace from right
    PHONE                           CHAR (10)
      Record position (79, 88)
      Trim whitespace from right
    EMAIL                           CHAR (30)
      Record position (89, 118)
      Trim whitespace from right
    SALARY                          CHAR (7)
      Record position (119, 125)
      Trim whitespace from right
    WORKING_HOURS                   CHAR (2)
      Record position (126, 127)
      Trim whitespace from right
    USERNAME                        CHAR (10)
      Record position (128, 137)
      Trim whitespace from right
    EPASSWORD                       CHAR (10)
      Record position (138, 147)
      Trim whitespace from right
    ROLE                            CHAR (10)
      Record position (148, 157)
      Trim whitespace from right
    CODE                            CHAR (4)
      Record position (158, 161)
      Trim whitespace from right

Date Cache Statistics for table T_EXT_EMP
  Max Size:      1000
  Entries :         1
  Hits    :         0
  Misses  :         0

