

 LOG file opened at 04/13/15 15:41:59

Field Definitions for table T_EXT_PUBLI
  Record format DELIMITED BY NEWLINE
  Data in file has same endianness as the platform
  Rows with all null fields are accepted

  Fields in Data Source: 

    NAME                            CHAR (50)
      Record position (1, 50)
      Trim whitespace from right
    ADDRESS                         CHAR (80)
      Record position (51, 130)
      Trim whitespace from right
    PHONE                           CHAR (10)
      Record position (131, 140)
      Trim whitespace from right
    EMAIL                           CHAR (30)
      Record position (141, 170)
      Trim whitespace from right
    WEBSITE                         CHAR (30)
      Record position (171, 200)
      Trim whitespace from right
    CODE                            CHAR (4)
      Record position (201, 214)
      Trim whitespace from right


 LOG file opened at 04/13/15 16:07:56

Field Definitions for table T_EXT_PUBLI
  Record format DELIMITED BY NEWLINE
  Data in file has same endianness as the platform
  Rows with all null fields are accepted

  Fields in Data Source: 

    NAME                            CHAR (50)
      Record position (1, 50)
      Trim whitespace from right
    ADDRESS                         CHAR (80)
      Record position (51, 130)
      Trim whitespace from right
    PHONE                           CHAR (10)
      Record position (131, 140)
      Trim whitespace from right
    EMAIL                           CHAR (30)
      Record position (141, 170)
      Trim whitespace from right
    WEBSITE                         CHAR (30)
      Record position (171, 200)
      Trim whitespace from right
    CODE                            CHAR (4)
      Record position (201, 214)
      Trim whitespace from right


 LOG file opened at 04/13/15 16:18:35

Field Definitions for table T_EXT_PUBLI
  Record format DELIMITED BY NEWLINE
  Data in file has same endianness as the platform
  Rows with all null fields are accepted

  Fields in Data Source: 

    NAME                            CHAR (50)
      Record position (1, 50)
      Trim whitespace from right
    ADDRESS                         CHAR (80)
      Record position (51, 130)
      Trim whitespace from right
    PHONE                           CHAR (10)
      Record position (131, 140)
      Trim whitespace from right
    EMAIL                           CHAR (30)
      Record position (141, 170)
      Trim whitespace from right
    WEBSITE                         CHAR (30)
      Record position (171, 200)
      Trim whitespace from right
    CODE                            CHAR (4)
      Record position (201, 214)
      Trim whitespace from right


 LOG file opened at 04/13/15 20:20:25

Field Definitions for table T_EXT_PUBLI
  Record format DELIMITED BY NEWLINE
  Data in file has same endianness as the platform
  Rows with all null fields are accepted

  Fields in Data Source: 

    NAME                            CHAR (50)
      Record position (1, 50)
      Trim whitespace from right
    ADDRESS                         CHAR (80)
      Record position (51, 130)
      Trim whitespace from right
    PHONE                           CHAR (10)
      Record position (131, 140)
      Trim whitespace from right
    EMAIL                           CHAR (30)
      Record position (141, 170)
      Trim whitespace from right
    WEBSITE                         CHAR (30)
      Record position (171, 200)
      Trim whitespace from right
    CODE                            CHAR (4)
      Record position (201, 214)
      Trim whitespace from right


 LOG file opened at 04/15/15 15:04:07

KUP-05004:   Warning: Intra source concurrency disabled because parallel select was not requested.

Field Definitions for table T_EXT_PUBLI
  Record format DELIMITED BY NEWLINE
  Data in file has same endianness as the platform
  Rows with all null fields are accepted

  Fields in Data Source: 

    NAME                            CHAR (50)
      Record position (1, 50)
      Trim whitespace from right
    ADDRESS                         CHAR (80)
      Record position (51, 130)
      Trim whitespace from right
    PHONE                           CHAR (10)
      Record position (131, 140)
      Trim whitespace from right
    EMAIL                           CHAR (30)
      Record position (141, 170)
      Trim whitespace from right
    WEBSITE                         CHAR (30)
      Record position (171, 200)
      Trim whitespace from right
    CODE                            CHAR (4)
      Record position (201, 214)
      Trim whitespace from right
