

 LOG file opened at 04/08/15 12:24:02

KUP-05004:   Warning: Intra source concurrency disabled because parallel select was not requested.

Field Definitions for table T_EXT_ROLE
  Record format DELIMITED BY NEWLINE
  Data in file has same endianness as the platform
  Rows with all null fields are accepted

  Fields in Data Source: 

    ROLE                            CHAR (20)
      Record position (1, 20)
      Trim whitespace from right

  Column Transformations


 LOG file opened at 04/08/15 14:41:46

KUP-05004:   Warning: Intra source concurrency disabled because parallel select was not requested.

Field Definitions for table T_EXT_ROLE
  Record format DELIMITED BY NEWLINE
  Data in file has same endianness as the platform
  Rows with all null fields are accepted

  Fields in Data Source: 

    ROLE                            CHAR (20)
      Record position (1, 20)
      Trim whitespace from right


 LOG file opened at 04/08/15 14:56:08

KUP-05004:   Warning: Intra source concurrency disabled because parallel select was not requested.

Field Definitions for table T_EXT_ROLE
  Record format DELIMITED BY NEWLINE
  Data in file has same endianness as the platform
  Rows with all null fields are accepted

  Fields in Data Source: 

    ROLE                            CHAR (20)
      Record position (1, 20)
      Trim whitespace from right


 LOG file opened at 04/08/15 15:02:03

KUP-05004:   Warning: Intra source concurrency disabled because parallel select was not requested.

Field Definitions for table T_EXT_ROLE
  Record format DELIMITED BY NEWLINE
  Data in file has same endianness as the platform
  Rows with all null fields are accepted

  Fields in Data Source: 

    ROLE                            CHAR (20)
      Record position (1, 20)
      Trim whitespace from right


 LOG file opened at 04/08/15 15:05:20

KUP-05004:   Warning: Intra source concurrency disabled because parallel select was not requested.

Field Definitions for table T_EXT_ROLE
  Record format DELIMITED BY NEWLINE
  Data in file has same endianness as the platform
  Rows with all null fields are accepted

  Fields in Data Source: 

    ROLE                            CHAR (20)
      Record position (1, 20)
      Trim whitespace from right


 LOG file opened at 04/08/15 15:08:02

KUP-05004:   Warning: Intra source concurrency disabled because parallel select was not requested.

Field Definitions for table T_EXT_ROLE
  Record format DELIMITED BY NEWLINE
  Data in file has same endianness as the platform
  Rows with all null fields are accepted

  Fields in Data Source: 

    ROLE                            CHAR (20)
      Record position (1, 20)
      Trim whitespace from right


 LOG file opened at 04/08/15 16:14:31

KUP-05004:   Warning: Intra source concurrency disabled because parallel select was not requested.

Field Definitions for table T_EXT_ROLE
  Record format DELIMITED BY NEWLINE
  Data in file has same endianness as the platform
  Rows with all null fields are accepted

  Fields in Data Source: 

    ROLE                            CHAR (20)
      Record position (1, 20)
      Trim whitespace from right
    CODE                            CHAR (4)
      Record position (21, 24)
      Trim whitespace from right

  Column Transformations


 LOG file opened at 04/08/15 16:14:32

KUP-05004:   Warning: Intra source concurrency disabled because parallel select was not requested.

Field Definitions for table T_EXT_ROLE
  Record format DELIMITED BY NEWLINE
  Data in file has same endianness as the platform
  Rows with all null fields are accepted

  Fields in Data Source: 

    ROLE                            CHAR (20)
      Record position (1, 20)
      Trim whitespace from right
    CODE                            CHAR (4)
      Record position (21, 24)
      Trim whitespace from right

  Column Transformations


 LOG file opened at 04/08/15 16:22:07

KUP-05004:   Warning: Intra source concurrency disabled because parallel select was not requested.

Field Definitions for table T_EXT_ROLE
  Record format DELIMITED BY NEWLINE
  Data in file has same endianness as the platform
  Rows with all null fields are accepted

  Fields in Data Source: 

    ROLE                            CHAR (20)
      Record position (1, 20)
      Trim whitespace from right
    CODE                            CHAR (4)
      Record position (21, 24)
      Trim whitespace from right


 LOG file opened at 04/08/15 16:36:15

KUP-05004:   Warning: Intra source concurrency disabled because parallel select was not requested.

Field Definitions for table T_EXT_ROLE
  Record format DELIMITED BY NEWLINE
  Data in file has same endianness as the platform
  Rows with all null fields are accepted

  Fields in Data Source: 

    ROLE                            CHAR (20)
      Record position (1, 20)
      Trim whitespace from right
    CODE                            CHAR (4)
      Record position (21, 24)
      Trim whitespace from right


 LOG file opened at 04/08/15 16:37:35

KUP-05004:   Warning: Intra source concurrency disabled because parallel select was not requested.

Field Definitions for table T_EXT_ROLE
  Record format DELIMITED BY NEWLINE
  Data in file has same endianness as the platform
  Rows with all null fields are accepted

  Fields in Data Source: 

    ROLE                            CHAR (20)
      Record position (1, 20)
      Trim whitespace from right
    CODE                            CHAR (4)
      Record position (21, 24)
      Trim whitespace from right


 LOG file opened at 04/08/15 16:38:46

KUP-05004:   Warning: Intra source concurrency disabled because parallel select was not requested.

Field Definitions for table T_EXT_ROLE
  Record format DELIMITED BY NEWLINE
  Data in file has same endianness as the platform
  Rows with all null fields are accepted

  Fields in Data Source: 

    ROLE                            CHAR (20)
      Record position (1, 20)
      Trim whitespace from right
    CODE                            CHAR (4)
      Record position (21, 24)
      Trim whitespace from right


 LOG file opened at 04/08/15 16:49:06

KUP-05004:   Warning: Intra source concurrency disabled because parallel select was not requested.

Field Definitions for table T_EXT_ROLE
  Record format DELIMITED BY NEWLINE
  Data in file has same endianness as the platform
  Rows with all null fields are accepted

  Fields in Data Source: 

    ROLE                            CHAR (20)
      Record position (1, 20)
      Trim whitespace from right
    CODE                            CHAR (4)
      Record position (21, 24)
      Trim whitespace from right


 LOG file opened at 04/08/15 16:50:02

KUP-05004:   Warning: Intra source concurrency disabled because parallel select was not requested.

Field Definitions for table T_EXT_ROLE
  Record format DELIMITED BY NEWLINE
  Data in file has same endianness as the platform
  Rows with all null fields are accepted

  Fields in Data Source: 

    ROLE                            CHAR (20)
      Record position (1, 20)
      Trim whitespace from right
    CODE                            CHAR (4)
      Record position (21, 24)
      Trim whitespace from right


 LOG file opened at 04/10/15 22:37:55

KUP-05004:   Warning: Intra source concurrency disabled because parallel select was not requested.

Field Definitions for table T_EXT_ROLE
  Record format DELIMITED BY NEWLINE
  Data in file has same endianness as the platform
  Rows with all null fields are accepted

  Fields in Data Source: 

    ROLE                            CHAR (20)
      Record position (1, 20)
      Trim whitespace from right
    CODE                            CHAR (4)
      Record position (21, 24)
      Trim whitespace from right


 LOG file opened at 04/11/15 00:10:32

KUP-05004:   Warning: Intra source concurrency disabled because parallel select was not requested.

Field Definitions for table T_EXT_ROLE
  Record format DELIMITED BY NEWLINE
  Data in file has same endianness as the platform
  Rows with all null fields are accepted

  Fields in Data Source: 

    ROLE                            CHAR (20)
      Record position (1, 20)
      Trim whitespace from right
    CODE                            CHAR (4)
      Record position (21, 24)
      Trim whitespace from right


 LOG file opened at 04/11/15 00:15:32

KUP-05004:   Warning: Intra source concurrency disabled because parallel select was not requested.

Field Definitions for table T_EXT_ROLE
  Record format DELIMITED BY NEWLINE
  Data in file has same endianness as the platform
  Rows with all null fields are accepted

  Fields in Data Source: 

    ROLE                            CHAR (20)
      Record position (1, 20)
      Trim whitespace from right
    CODE                            CHAR (4)
      Record position (21, 24)
      Trim whitespace from right


 LOG file opened at 04/11/15 00:43:37

KUP-05004:   Warning: Intra source concurrency disabled because parallel select was not requested.

Field Definitions for table T_EXT_ROLE
  Record format DELIMITED BY NEWLINE
  Data in file has same endianness as the platform
  Rows with all null fields are accepted

  Fields in Data Source: 

    ROLE                            CHAR (20)
      Record position (1, 20)
      Trim whitespace from right
    CODE                            CHAR (4)
      Record position (21, 24)
      Trim whitespace from right


 LOG file opened at 04/11/15 00:46:00

KUP-05004:   Warning: Intra source concurrency disabled because parallel select was not requested.

Field Definitions for table T_EXT_ROLE
  Record format DELIMITED BY NEWLINE
  Data in file has same endianness as the platform
  Rows with all null fields are accepted

  Fields in Data Source: 

    ROLE                            CHAR (20)
      Record position (1, 20)
      Trim whitespace from right
    CODE                            CHAR (4)
      Record position (21, 24)
      Trim whitespace from right


 LOG file opened at 04/11/15 01:29:56

KUP-05004:   Warning: Intra source concurrency disabled because parallel select was not requested.

Field Definitions for table T_EXT_ROLE
  Record format DELIMITED BY NEWLINE
  Data in file has same endianness as the platform
  Rows with all null fields are accepted

  Fields in Data Source: 

    ROLE                            CHAR (20)
      Record position (1, 20)
      Trim whitespace from right
    CODE                            CHAR (4)
      Record position (21, 24)
      Trim whitespace from right


 LOG file opened at 04/11/15 01:31:20

KUP-05004:   Warning: Intra source concurrency disabled because parallel select was not requested.

Field Definitions for table T_EXT_ROLE
  Record format DELIMITED BY NEWLINE
  Data in file has same endianness as the platform
  Rows with all null fields are accepted

  Fields in Data Source: 

    ROLE                            CHAR (20)
      Record position (1, 20)
      Trim whitespace from right
    CODE                            CHAR (4)
      Record position (21, 24)
      Trim whitespace from right


 LOG file opened at 04/11/15 01:38:35

KUP-05004:   Warning: Intra source concurrency disabled because parallel select was not requested.

Field Definitions for table T_EXT_ROLE
  Record format DELIMITED BY NEWLINE
  Data in file has same endianness as the platform
  Rows with all null fields are accepted

  Fields in Data Source: 

    ROLE                            CHAR (20)
      Record position (1, 20)
      Trim whitespace from right
    CODE                            CHAR (4)
      Record position (21, 24)
      Trim whitespace from right


 LOG file opened at 04/13/15 15:26:50

Field Definitions for table T_EXT_ROLE
  Record format DELIMITED BY NEWLINE
  Data in file has same endianness as the platform
  Rows with all null fields are accepted

  Fields in Data Source: 

    ROLE                            CHAR (20)
      Record position (1, 20)
      Trim whitespace from right
    CODE                            CHAR (4)
      Record position (21, 24)
      Trim whitespace from right


 LOG file opened at 04/13/15 15:31:17

Field Definitions for table T_EXT_ROLE
  Record format DELIMITED BY NEWLINE
  Data in file has same endianness as the platform
  Rows with all null fields are accepted

  Fields in Data Source: 

    ROLE                            CHAR (20)
      Record position (1, 20)
      Trim whitespace from right
    CODE                            CHAR (4)
      Record position (21, 24)
      Trim whitespace from right


 LOG file opened at 04/13/15 15:41:59

Field Definitions for table T_EXT_ROLE
  Record format DELIMITED BY NEWLINE
  Data in file has same endianness as the platform
  Rows with all null fields are accepted

  Fields in Data Source: 

    ROLE                            CHAR (20)
      Record position (1, 20)
      Trim whitespace from right
    CODE                            CHAR (4)
      Record position (21, 24)
      Trim whitespace from right


 LOG file opened at 04/13/15 16:07:56

Field Definitions for table T_EXT_ROLE
  Record format DELIMITED BY NEWLINE
  Data in file has same endianness as the platform
  Rows with all null fields are accepted

  Fields in Data Source: 

    ROLE                            CHAR (20)
      Record position (1, 20)
      Trim whitespace from right
    CODE                            CHAR (4)
      Record position (21, 24)
      Trim whitespace from right


 LOG file opened at 04/13/15 16:18:35

Field Definitions for table T_EXT_ROLE
  Record format DELIMITED BY NEWLINE
  Data in file has same endianness as the platform
  Rows with all null fields are accepted

  Fields in Data Source: 

    ROLE                            CHAR (20)
      Record position (1, 20)
      Trim whitespace from right
    CODE                            CHAR (4)
      Record position (21, 24)
      Trim whitespace from right


 LOG file opened at 04/13/15 20:20:25

Field Definitions for table T_EXT_ROLE
  Record format DELIMITED BY NEWLINE
  Data in file has same endianness as the platform
  Rows with all null fields are accepted

  Fields in Data Source: 

    ROLE                            CHAR (20)
      Record position (1, 20)
      Trim whitespace from right
    CODE                            CHAR (4)
      Record position (21, 24)
      Trim whitespace from right
